# JRE version: Java(TM) SE Runtime Environment (12.0.1+12) (build 12.0.1+12)
# Java VM: Java HotSpot(TM) 64-Bit Server VM (12.0.1+12, mixed mode, sharing, tiered, compressed oops, g1 gc, windows-amd64)
Heap:
 garbage-first heap   total 72704K, used 51926K [0x0000000081800000, 0x0000000100000000)
  region size 1024K, 40 young (40960K), 3 survivors (3072K)
 Metaspace       used 34293K, capacity 35162K, committed 35328K, reserved 1079296K
  class space    used 4449K, capacity 4784K, committed 4864K, reserved 1048576K
GC Heap History (10 events):
Event: 1.983 GC heap after
{Heap after GC invocations=6 (full 0):
 garbage-first heap   total 60416K, used 11482K [0x0000000081800000, 0x0000000100000000)
  region size 1024K, 5 young (5120K), 5 survivors (5120K)
 Metaspace       used 22732K, capacity 23376K, committed 23552K, reserved 1069056K
  class space    used 2796K, capacity 3005K, committed 3072K, reserved 1048576K
}
Event: 2.158 GC heap before
{Heap before GC invocations=6 (full 0):
 garbage-first heap   total 60416K, used 42202K [0x0000000081800000, 0x0000000100000000)
  region size 1024K, 35 young (35840K), 5 survivors (5120K)
 Metaspace       used 24541K, capacity 25238K, committed 25344K, reserved 1071104K
  class space    used 3053K, capacity 3312K, committed 3328K, reserved 1048576K
}
Event: 2.162 GC heap after
{Heap after GC invocations=7 (full 0):
 garbage-first heap   total 60416K, used 11763K [0x0000000081800000, 0x0000000100000000)
  region size 1024K, 3 young (3072K), 3 survivors (3072K)
 Metaspace       used 24541K, capacity 25238K, committed 25344K, reserved 1071104K
  class space    used 3053K, capacity 3312K, committed 3328K, reserved 1048576K
}
Event: 2.455 GC heap before
{Heap before GC invocations=7 (full 0):
 garbage-first heap   total 60416K, used 44531K [0x0000000081800000, 0x0000000100000000)
  region size 1024K, 35 young (35840K), 3 survivors (3072K)
 Metaspace       used 27175K, capacity 27917K, committed 28160K, reserved 1073152K
  class space    used 3322K, capacity 3583K, committed 3584K, reserved 1048576K
}
Event: 2.460 GC heap after
{Heap after GC invocations=8 (full 0):
 garbage-first heap   total 60416K, used 13460K [0x0000000081800000, 0x0000000100000000)
  region size 1024K, 5 young (5120K), 5 survivors (5120K)
 Metaspace       used 27175K, capacity 27917K, committed 28160K, reserved 1073152K
  class space    used 3322K, capacity 3583K, committed 3584K, reserved 1048576K
}
Event: 2.827 GC heap before
{Heap before GC invocations=8 (full 0):
 garbage-first heap   total 60416K, used 44180K [0x0000000081800000, 0x0000000100000000)
  region size 1024K, 35 young (35840K), 5 survivors (5120K)
 Metaspace       used 29435K, capacity 30165K, committed 30464K, reserved 1075200K
  class space    used 3704K, capacity 3986K, committed 4096K, reserved 1048576K
}
Event: 2.831 GC heap after
{Heap after GC invocations=9 (full 0):
 garbage-first heap   total 60416K, used 13568K [0x0000000081800000, 0x0000000100000000)
  region size 1024K, 3 young (3072K), 3 survivors (3072K)
 Metaspace       used 29435K, capacity 30165K, committed 30464K, reserved 1075200K
  class space    used 3704K, capacity 3986K, committed 4096K, reserved 1048576K
}
Event: 3.211 GC heap before
{Heap before GC invocations=9 (full 0):
 garbage-first heap   total 60416K, used 45312K [0x0000000081800000, 0x0000000100000000)
  region size 1024K, 35 young (35840K), 3 survivors (3072K)
 Metaspace       used 31773K, capacity 32622K, committed 32896K, reserved 1077248K
  class space    used 4125K, capacity 4414K, committed 4480K, reserved 1048576K
}
Event: 3.215 GC heap after
{Heap after GC invocations=10 (full 0):
 garbage-first heap   total 72704K, used 14038K [0x0000000081800000, 0x0000000100000000)
  region size 1024K, 3 young (3072K), 3 survivors (3072K)
 Metaspace       used 31773K, capacity 32622K, committed 32896K, reserved 1077248K
  class space    used 4125K, capacity 4414K, committed 4480K, reserved 1048576K
}
Event: 2101.291 GC heap before
{Heap before GC invocations=10 (full 0):
 garbage-first heap   total 72704K, used 51926K [0x0000000081800000, 0x0000000100000000)
  region size 1024K, 40 young (40960K), 3 survivors (3072K)
 Metaspace       used 34293K, capacity 35162K, committed 35328K, reserved 1079296K
  class space    used 4449K, capacity 4784K, committed 4864K, reserved 1048576K
}

